This file contains any messages produced by compilers while
running configure, to aid debugging if configure makes a mistake.

It was created by configure, which was
generated by GNU Autoconf 2.65.  Invocation command line was

  $ ./configure 

## --------- ##
## Platform. ##
## --------- ##

hostname = Zalak-PC
uname -m = x86_64
uname -r = 1.7.33-2(0.280/5/3)
uname -s = CYGWIN_NT-6.3
uname -v = 2014-11-13 15:47

/usr/bin/uname -p = unknown
/bin/uname -X     = unknown

/bin/arch              = x86_64
/usr/bin/arch -k       = unknown
/usr/convex/getsysinfo = unknown
/usr/bin/hostinfo      = unknown
/bin/machine           = unknown
/usr/bin/oslevel       = unknown
/bin/universe          = unknown

PATH: /usr/local/bin
PATH: /usr/bin
PATH: /cygdrive/c/ProgramData/Oracle/Java/javapath
PATH: /cygdrive/c/Program Files (x86)/Intel/iCLS Client
PATH: /cygdrive/c/Program Files/Intel/iCLS Client
PATH: /cygdrive/c/windows/system32
PATH: /cygdrive/c/windows
PATH: /cygdrive/c/windows/System32/Wbem
PATH: /cygdrive/c/windows/System32/WindowsPowerShell/v1.0
PATH: /cygdrive/c/Program Files/Intel/Intel(R) Management Engine Components/DAL
PATH: /cygdrive/c/Program Files/Intel/Intel(R) Management Engine Components/IPT
PATH: /cygdrive/c/Program Files (x86)/Intel/Intel(R) Management Engine Components/DAL
PATH: /cygdrive/c/Program Files (x86)/Intel/Intel(R) Management Engine Components/IPT
PATH: /usr/bin
PATH: /cygdrive/c/Program Files/Java/jdk1.8.0_25/bin
PATH: /cygdrive/c/Program Files/Apache Software Foundation/apache-maven-3.2.5/bin
PATH: /cygdrive/c/Program Files (x86)/MiKTeX 2.9/miktex/bin
PATH: /cygdrive/c/Program Files/Microsoft SQL Server/110/Tools/Binn
PATH: /cygdrive/c/Program Files (x86)/Windows Kits/8.1/Windows Performance Toolkit
PATH: /cygdrive/c/Program Files (x86)/Microsoft SDKs/TypeScript/1.0
PATH: /cygdrive/c/Program Files/Microsoft SQL Server/120/Tools/Binn
PATH: /cygdrive/c/Program Files (x86)/Windows Live/Shared


## ----------- ##
## Core tests. ##
## ----------- ##

configure:2396: checking build system type
configure:2410: result: x86_64-unknown-cygwin
configure:2430: checking host system type
configure:2443: result: x86_64-unknown-cygwin
configure:2513: checking for gcc
configure:2529: found /usr/bin/gcc
configure:2540: result: gcc
configure:2769: checking for C compiler version
configure:2778: gcc --version >&5
gcc (GCC) 4.9.2
Copyright (C) 2014 Free Software Foundation, Inc.
This is free software; see the source for copying conditions.  There is NO
warranty; not even for MERCHANTABILITY or FITNESS FOR A PARTICULAR PURPOSE.

configure:2789: $? = 0
configure:2778: gcc -v >&5
Using built-in specs.
COLLECT_GCC=gcc
COLLECT_LTO_WRAPPER=/usr/lib/gcc/x86_64-pc-cygwin/4.9.2/lto-wrapper.exe
Target: x86_64-pc-cygwin
Configured with: /cygdrive/i/szsz/tmpp/gcc/gcc-4.9.2-1.x86_64/src/gcc-4.9.2/configure --srcdir=/cygdrive/i/szsz/tmpp/gcc/gcc-4.9.2-1.x86_64/src/gcc-4.9.2 --prefix=/usr --exec-prefix=/usr --bindir=/usr/bin --sbindir=/usr/sbin --libexecdir=/usr/libexec --datadir=/usr/share --localstatedir=/var --sysconfdir=/etc --libdir=/usr/lib --datarootdir=/usr/share --docdir=/usr/share/doc/gcc --htmldir=/usr/share/doc/gcc/html -C --build=x86_64-pc-cygwin --host=x86_64-pc-cygwin --target=x86_64-pc-cygwin --without-libiconv-prefix --without-libintl-prefix --libexecdir=/usr/lib --enable-shared --enable-shared-libgcc --enable-static --enable-version-specific-runtime-libs --enable-bootstrap --enable-__cxa_atexit --with-dwarf2 --with-tune=generic --enable-languages=ada,c,c++,fortran,lto,objc,obj-c++ --enable-graphite --enable-threads=posix --enable-libatomic --enable-libgomp --disable-libitm --enable-libquadmath --enable-libquadmath-support --enable-libssp --enable-libada --enable-libgcj-sublibs --disable-java-awt --disable-symvers --with-ecj-jar=/usr/share/java/ecj.jar --with-gnu-ld --with-gnu-as --with-cloog-include=/usr/include/cloog-isl --without-libiconv-prefix --without-libintl-prefix --with-system-zlib --enable-linker-build-id
Thread model: posix
gcc version 4.9.2 (GCC) 
configure:2789: $? = 0
configure:2778: gcc -V >&5
gcc: error: unrecognized command line option '-V'
gcc: fatal error: no input files
compilation terminated.
configure:2789: $? = 1
configure:2778: gcc -qversion >&5
gcc: error: unrecognized command line option '-qversion'
gcc: fatal error: no input files
compilation terminated.
configure:2789: $? = 1
configure:2809: checking whether the C compiler works
configure:2831: gcc    conftest.c  >&5
configure:2835: $? = 0
configure:2884: result: yes
configure:2887: checking for C compiler default output file name
configure:2889: result: a.exe
configure:2895: checking for suffix of executables
configure:2902: gcc -o conftest.exe    conftest.c  >&5
configure:2906: $? = 0
configure:2928: result: .exe
configure:2950: checking whether we are cross compiling
configure:2958: gcc -o conftest.exe    conftest.c  >&5
configure:2962: $? = 0
configure:2969: ./conftest.exe
configure:2973: $? = 0
configure:2988: result: no
configure:2993: checking for suffix of object files
configure:3015: gcc -c   conftest.c >&5
configure:3019: $? = 0
configure:3040: result: o
configure:3044: checking whether we are using the GNU C compiler
configure:3063: gcc -c   conftest.c >&5
configure:3063: $? = 0
configure:3072: result: yes
configure:3081: checking whether gcc accepts -g
configure:3101: gcc -c -g  conftest.c >&5
configure:3101: $? = 0
configure:3142: result: yes
configure:3159: checking for gcc option to accept ISO C89
configure:3223: gcc  -c -g -O2  conftest.c >&5
configure:3223: $? = 0
configure:3236: result: none needed
configure:3266: checking for special C compiler options needed for large files
configure:3311: result: no
configure:3317: checking for _FILE_OFFSET_BITS value needed for large files
configure:3342: gcc -c   conftest.c >&5
configure:3342: $? = 0
configure:3374: result: no
configure:3523: checking if gcc supports -O4 flags
configure:3534: gcc -o conftest.exe -O4   conftest.c  >&5
conftest.c: In function 'main':
conftest.c:9:8: warning: incompatible implicit declaration of built-in function 'exit'
 main(){exit(0);}
        ^
configure:3534: $? = 0
configure:3534: ./conftest.exe
configure:3534: $? = 0
configure:3544: result: yes
configure:3681: checking if gcc supports -march=i686 flags
configure:3692: gcc -o conftest.exe -march=i686   conftest.c  >&5
conftest.c:1:0: error: CPU you selected does not support x86-64 instruction set
 /* confdefs.h */
 ^
conftest.c:1:0: error: CPU you selected does not support x86-64 instruction set
configure:3692: $? = 1
configure: program exited with status 1
configure: failed program was:
| /* confdefs.h */
| #define PACKAGE_NAME ""
| #define PACKAGE_TARNAME ""
| #define PACKAGE_VERSION ""
| #define PACKAGE_STRING ""
| #define PACKAGE_BUGREPORT ""
| #define PACKAGE_URL ""
| /* end confdefs.h.  */
| main(){exit(0);}
configure:3702: result: no
configure:4127: checking for sys/wait.h that is POSIX.1 compatible
configure:4153: gcc -c  -O4  conftest.c >&5
configure:4153: $? = 0
configure:4160: result: yes
configure:4173: checking how to run the C preprocessor
configure:4204: gcc -E  conftest.c
configure:4204: $? = 0
configure:4218: gcc -E  conftest.c
conftest.c:10:28: fatal error: ac_nonexistent.h: No such file or directory
 #include <ac_nonexistent.h>
                            ^
compilation terminated.
configure:4218: $? = 1
configure: failed program was:
| /* confdefs.h */
| #define PACKAGE_NAME ""
| #define PACKAGE_TARNAME ""
| #define PACKAGE_VERSION ""
| #define PACKAGE_STRING ""
| #define PACKAGE_BUGREPORT ""
| #define PACKAGE_URL ""
| #define HAVE_SYS_WAIT_H 1
| /* end confdefs.h.  */
| #include <ac_nonexistent.h>
configure:4243: result: gcc -E
configure:4263: gcc -E  conftest.c
configure:4263: $? = 0
configure:4277: gcc -E  conftest.c
conftest.c:10:28: fatal error: ac_nonexistent.h: No such file or directory
 #include <ac_nonexistent.h>
                            ^
compilation terminated.
configure:4277: $? = 1
configure: failed program was:
| /* confdefs.h */
| #define PACKAGE_NAME ""
| #define PACKAGE_TARNAME ""
| #define PACKAGE_VERSION ""
| #define PACKAGE_STRING ""
| #define PACKAGE_BUGREPORT ""
| #define PACKAGE_URL ""
| #define HAVE_SYS_WAIT_H 1
| /* end confdefs.h.  */
| #include <ac_nonexistent.h>
configure:4306: checking for grep that handles long lines and -e
configure:4364: result: /usr/bin/grep
configure:4369: checking for egrep
configure:4431: result: /usr/bin/grep -E
configure:4436: checking for ANSI C header files
configure:4456: gcc -c  -O4  conftest.c >&5
configure:4456: $? = 0
configure:4529: gcc -o conftest.exe  -O4   conftest.c  >&5
configure:4529: $? = 0
configure:4529: ./conftest.exe
configure:4529: $? = 0
configure:4540: result: yes
configure:4553: checking for sys/types.h
configure:4553: gcc -c  -O4  conftest.c >&5
configure:4553: $? = 0
configure:4553: result: yes
configure:4553: checking for sys/stat.h
configure:4553: gcc -c  -O4  conftest.c >&5
configure:4553: $? = 0
configure:4553: result: yes
configure:4553: checking for stdlib.h
configure:4553: gcc -c  -O4  conftest.c >&5
configure:4553: $? = 0
configure:4553: result: yes
configure:4553: checking for string.h
configure:4553: gcc -c  -O4  conftest.c >&5
configure:4553: $? = 0
configure:4553: result: yes
configure:4553: checking for memory.h
configure:4553: gcc -c  -O4  conftest.c >&5
configure:4553: $? = 0
configure:4553: result: yes
configure:4553: checking for strings.h
configure:4553: gcc -c  -O4  conftest.c >&5
configure:4553: $? = 0
configure:4553: result: yes
configure:4553: checking for inttypes.h
configure:4553: gcc -c  -O4  conftest.c >&5
configure:4553: $? = 0
configure:4553: result: yes
configure:4553: checking for stdint.h
configure:4553: gcc -c  -O4  conftest.c >&5
configure:4553: $? = 0
configure:4553: result: yes
configure:4553: checking for unistd.h
configure:4553: gcc -c  -O4  conftest.c >&5
configure:4553: $? = 0
configure:4553: result: yes
configure:4569: checking signal.h usability
configure:4569: gcc -c  -O4  conftest.c >&5
configure:4569: $? = 0
configure:4569: result: yes
configure:4569: checking signal.h presence
configure:4569: gcc -E  conftest.c
configure:4569: $? = 0
configure:4569: result: yes
configure:4569: checking for signal.h
configure:4569: result: yes
configure:4569: checking stddef.h usability
configure:4569: gcc -c  -O4  conftest.c >&5
configure:4569: $? = 0
configure:4569: result: yes
configure:4569: checking stddef.h presence
configure:4569: gcc -E  conftest.c
configure:4569: $? = 0
configure:4569: result: yes
configure:4569: checking for stddef.h
configure:4569: result: yes
configure:4569: checking for unistd.h
configure:4569: result: yes
configure:4569: checking for sys/types.h
configure:4569: result: yes
configure:4569: checking for sys/wait.h
configure:4569: result: yes
configure:4569: checking for stdlib.h
configure:4569: result: yes
configure:4569: checking for string.h
configure:4569: result: yes
configure:4569: checking errno.h usability
configure:4569: gcc -c  -O4  conftest.c >&5
configure:4569: $? = 0
configure:4569: result: yes
configure:4569: checking errno.h presence
configure:4569: gcc -E  conftest.c
configure:4569: $? = 0
configure:4569: result: yes
configure:4569: checking for errno.h
configure:4569: result: yes
configure:4569: checking pthread.h usability
configure:4569: gcc -c  -O4  conftest.c >&5
configure:4569: $? = 0
configure:4569: result: yes
configure:4569: checking pthread.h presence
configure:4569: gcc -E  conftest.c
configure:4569: $? = 0
configure:4569: result: yes
configure:4569: checking for pthread.h
configure:4569: result: yes
configure:4635: checking for pid_t
configure:4635: gcc -c  -O4  conftest.c >&5
configure:4635: $? = 0
configure:4635: gcc -c  -O4  conftest.c >&5
conftest.c: In function 'main':
conftest.c:65:20: error: expected expression before ')' token
 if (sizeof ((pid_t)))
                    ^
configure:4635: $? = 1
configure: failed program was:
| /* confdefs.h */
| #define PACKAGE_NAME ""
| #define PACKAGE_TARNAME ""
| #define PACKAGE_VERSION ""
| #define PACKAGE_STRING ""
| #define PACKAGE_BUGREPORT ""
| #define PACKAGE_URL ""
| #define HAVE_SYS_WAIT_H 1
| #define STDC_HEADERS 1
| #define HAVE_SYS_TYPES_H 1
| #define HAVE_SYS_STAT_H 1
| #define HAVE_STDLIB_H 1
| #define HAVE_STRING_H 1
| #define HAVE_MEMORY_H 1
| #define HAVE_STRINGS_H 1
| #define HAVE_INTTYPES_H 1
| #define HAVE_STDINT_H 1
| #define HAVE_UNISTD_H 1
| #define HAVE_SIGNAL_H 1
| #define HAVE_STDDEF_H 1
| #define HAVE_UNISTD_H 1
| #define HAVE_SYS_TYPES_H 1
| #define HAVE_SYS_WAIT_H 1
| #define HAVE_STDLIB_H 1
| #define HAVE_STRING_H 1
| #define HAVE_ERRNO_H 1
| #define HAVE_PTHREAD_H 1
| /* end confdefs.h.  */
| #include <stdio.h>
| #ifdef HAVE_SYS_TYPES_H
| # include <sys/types.h>
| #endif
| #ifdef HAVE_SYS_STAT_H
| # include <sys/stat.h>
| #endif
| #ifdef STDC_HEADERS
| # include <stdlib.h>
| # include <stddef.h>
| #else
| # ifdef HAVE_STDLIB_H
| #  include <stdlib.h>
| # endif
| #endif
| #ifdef HAVE_STRING_H
| # if !defined STDC_HEADERS && defined HAVE_MEMORY_H
| #  include <memory.h>
| # endif
| # include <string.h>
| #endif
| #ifdef HAVE_STRINGS_H
| # include <strings.h>
| #endif
| #ifdef HAVE_INTTYPES_H
| # include <inttypes.h>
| #endif
| #ifdef HAVE_STDINT_H
| # include <stdint.h>
| #endif
| #ifdef HAVE_UNISTD_H
| # include <unistd.h>
| #endif
| int
| main ()
| {
| if (sizeof ((pid_t)))
| 	    return 0;
|   ;
|   return 0;
| }
configure:4635: result: yes
configure:4653: checking if malloc is declared in stdlib.h or malloc.h
configure:4684: result: 1
configure:4687: checking if ftell is declared in stdio.h
configure:4703: result: 1
configure:4706: checking if fdopen is declared in stdio.h
configure:4722: result: 1
configure:4725: checking if popen is declared in stdio.h
configure:4741: result: 1
configure:4744: checking if putenv is declared in stdlib.h
configure:4760: result: 1
configure:4763: checking if setenv is declared in stdlib.h
configure:4779: result: 1
configure:4782: checking if INFINITY is declared in math.h
configure:4802: result: 1
configure:4809: checking size of int
configure:4814: gcc -o conftest.exe  -O4   conftest.c  >&5
configure:4814: $? = 0
configure:4814: ./conftest.exe
configure:4814: $? = 0
configure:4829: result: 4
configure:4844: checking size of long
configure:4849: gcc -o conftest.exe  -O4   conftest.c  >&5
configure:4849: $? = 0
configure:4849: ./conftest.exe
configure:4849: $? = 0
configure:4864: result: 8
configure:4879: checking size of long long
configure:4884: gcc -o conftest.exe  -O4   conftest.c  >&5
configure:4884: $? = 0
configure:4884: ./conftest.exe
configure:4884: $? = 0
configure:4899: result: 8
configure:4926: checking for an ANSI C-conforming const
configure:4991: gcc -c  -O4  conftest.c >&5
configure:4991: $? = 0
configure:4998: result: yes
configure:5013: checking for isatty
configure:5013: gcc -o conftest.exe  -O4   conftest.c  >&5
configure:5013: $? = 0
configure:5013: result: yes
configure:5021: checking for times
configure:5021: gcc -o conftest.exe  -O4   conftest.c  >&5
configure:5021: $? = 0
configure:5021: result: yes
configure:5029: checking for time
configure:5029: gcc -o conftest.exe  -O4   conftest.c  >&5
configure:5029: $? = 0
configure:5029: result: yes
configure:5037: checking for gettimeofday
configure:5037: gcc -o conftest.exe  -O4   conftest.c  >&5
configure:5037: $? = 0
configure:5037: result: yes
configure:5045: checking for times
configure:5045: result: yes
configure:5053: checking for getrusage
configure:5053: gcc -o conftest.exe  -O4   conftest.c  >&5
configure:5053: $? = 0
configure:5053: result: yes
configure:5061: checking for perror
configure:5061: gcc -o conftest.exe  -O4   conftest.c  >&5
configure:5061: $? = 0
configure:5061: result: yes
configure:5069: checking for pipe
configure:5069: gcc -o conftest.exe  -O4   conftest.c  >&5
configure:5069: $? = 0
configure:5069: result: yes
configure:5077: checking for wait
configure:5077: gcc -o conftest.exe  -O4   conftest.c  >&5
configure:5077: $? = 0
configure:5077: result: yes
configure:5085: checking for popen
configure:5085: gcc -o conftest.exe  -O4   conftest.c  >&5
configure:5085: $? = 0
configure:5085: result: yes
configure:5093: checking for putenv
configure:5093: gcc -o conftest.exe  -O4   conftest.c  >&5
configure:5093: $? = 0
configure:5093: result: yes
configure:5101: checking for setenv
configure:5101: gcc -o conftest.exe  -O4   conftest.c  >&5
configure:5101: $? = 0
configure:5101: result: yes
configure:5111: checking vfork.h usability
configure:5111: gcc -c  -O4  conftest.c >&5
conftest.c:65:19: fatal error: vfork.h: No such file or directory
 #include <vfork.h>
                   ^
compilation terminated.
configure:5111: $? = 1
configure: failed program was:
| /* confdefs.h */
| #define PACKAGE_NAME ""
| #define PACKAGE_TARNAME ""
| #define PACKAGE_VERSION ""
| #define PACKAGE_STRING ""
| #define PACKAGE_BUGREPORT ""
| #define PACKAGE_URL ""
| #define HAVE_SYS_WAIT_H 1
| #define STDC_HEADERS 1
| #define HAVE_SYS_TYPES_H 1
| #define HAVE_SYS_STAT_H 1
| #define HAVE_STDLIB_H 1
| #define HAVE_STRING_H 1
| #define HAVE_MEMORY_H 1
| #define HAVE_STRINGS_H 1
| #define HAVE_INTTYPES_H 1
| #define HAVE_STDINT_H 1
| #define HAVE_UNISTD_H 1
| #define HAVE_SIGNAL_H 1
| #define HAVE_STDDEF_H 1
| #define HAVE_UNISTD_H 1
| #define HAVE_SYS_TYPES_H 1
| #define HAVE_SYS_WAIT_H 1
| #define HAVE_STDLIB_H 1
| #define HAVE_STRING_H 1
| #define HAVE_ERRNO_H 1
| #define HAVE_PTHREAD_H 1
| #define SIZEOF_INT 4
| #define SIZEOF_LONG 8
| #define SIZEOF_LONG_LONG 8
| /* end confdefs.h.  */
| #include <stdio.h>
| #ifdef HAVE_SYS_TYPES_H
| # include <sys/types.h>
| #endif
| #ifdef HAVE_SYS_STAT_H
| # include <sys/stat.h>
| #endif
| #ifdef STDC_HEADERS
| # include <stdlib.h>
| # include <stddef.h>
| #else
| # ifdef HAVE_STDLIB_H
| #  include <stdlib.h>
| # endif
| #endif
| #ifdef HAVE_STRING_H
| # if !defined STDC_HEADERS && defined HAVE_MEMORY_H
| #  include <memory.h>
| # endif
| # include <string.h>
| #endif
| #ifdef HAVE_STRINGS_H
| # include <strings.h>
| #endif
| #ifdef HAVE_INTTYPES_H
| # include <inttypes.h>
| #endif
| #ifdef HAVE_STDINT_H
| # include <stdint.h>
| #endif
| #ifdef HAVE_UNISTD_H
| # include <unistd.h>
| #endif
| #include <vfork.h>
configure:5111: result: no
configure:5111: checking vfork.h presence
configure:5111: gcc -E  conftest.c
conftest.c:32:19: fatal error: vfork.h: No such file or directory
 #include <vfork.h>
                   ^
compilation terminated.
configure:5111: $? = 1
configure: failed program was:
| /* confdefs.h */
| #define PACKAGE_NAME ""
| #define PACKAGE_TARNAME ""
| #define PACKAGE_VERSION ""
| #define PACKAGE_STRING ""
| #define PACKAGE_BUGREPORT ""
| #define PACKAGE_URL ""
| #define HAVE_SYS_WAIT_H 1
| #define STDC_HEADERS 1
| #define HAVE_SYS_TYPES_H 1
| #define HAVE_SYS_STAT_H 1
| #define HAVE_STDLIB_H 1
| #define HAVE_STRING_H 1
| #define HAVE_MEMORY_H 1
| #define HAVE_STRINGS_H 1
| #define HAVE_INTTYPES_H 1
| #define HAVE_STDINT_H 1
| #define HAVE_UNISTD_H 1
| #define HAVE_SIGNAL_H 1
| #define HAVE_STDDEF_H 1
| #define HAVE_UNISTD_H 1
| #define HAVE_SYS_TYPES_H 1
| #define HAVE_SYS_WAIT_H 1
| #define HAVE_STDLIB_H 1
| #define HAVE_STRING_H 1
| #define HAVE_ERRNO_H 1
| #define HAVE_PTHREAD_H 1
| #define SIZEOF_INT 4
| #define SIZEOF_LONG 8
| #define SIZEOF_LONG_LONG 8
| /* end confdefs.h.  */
| #include <vfork.h>
configure:5111: result: no
configure:5111: checking for vfork.h
configure:5111: result: no
configure:5124: checking for fork
configure:5124: gcc -o conftest.exe  -O4   conftest.c  >&5
conftest.c:55:6: warning: conflicting types for built-in function 'fork'
 char fork ();
      ^
configure:5124: $? = 0
configure:5124: result: yes
configure:5124: checking for vfork
configure:5124: gcc -o conftest.exe  -O4   conftest.c  >&5
configure:5124: $? = 0
configure:5124: result: yes
configure:5135: checking for working fork
configure:5157: gcc -o conftest.exe  -O4   conftest.c  >&5
configure:5157: $? = 0
configure:5157: ./conftest.exe
configure:5157: $? = 0
configure:5167: result: yes
configure:5188: checking for working vfork
configure:5298: result: yes
configure:5330: checking for fseeko
configure:5330: gcc -o conftest.exe  -O4   conftest.c  >&5
configure:5330: $? = 0
configure:5330: result: yes
configure:5338: checking for sigaction
configure:5338: gcc -o conftest.exe  -O4   conftest.c  >&5
configure:5338: $? = 0
configure:5338: result: yes
configure:5346: checking for sigprocmask
configure:5346: gcc -o conftest.exe  -O4   conftest.c  >&5
configure:5346: $? = 0
configure:5346: result: yes
configure:5365: checking if __builtin_clz() is supported
configure:5371: gcc -o conftest.exe  -O4   conftest.c  >&5
configure:5371: $? = 0
configure:5378: result: 1
configure:5380: checking if __builtin_clzl() is supported
configure:5386: gcc -o conftest.exe  -O4   conftest.c  >&5
configure:5386: $? = 0
configure:5393: result: 1
configure:5395: checking if __builtin_clzll() is supported
configure:5401: gcc -o conftest.exe  -O4   conftest.c  >&5
configure:5401: $? = 0
configure:5408: result: 1
configure:5422: checking for pthread_create
configure:5422: gcc -o conftest.exe  -O4   conftest.c  >&5
configure:5422: $? = 0
configure:5422: result: yes
configure:5493: checking for getc_unlocked
configure:5493: gcc -o conftest.exe  -O4   conftest.c  >&5
configure:5493: $? = 0
configure:5493: result: yes
configure:5500: checking for flockfile
configure:5500: gcc -o conftest.exe  -O4   conftest.c  >&5
configure:5500: $? = 0
configure:5500: result: yes
configure:5624: checking for gsort
configure:5657: result: no
configure:5624: checking for sort
configure:5642: found /usr/bin/sort
configure:5654: result: /usr/bin/sort
configure:5712: checking if sort supports the -k switch
configure:5720: result: 1
configure:5866: creating ./config.status

## ---------------------- ##
## Running config.status. ##
## ---------------------- ##

This file was extended by config.status, which was
generated by GNU Autoconf 2.65.  Invocation command line was

  CONFIG_FILES    = 
  CONFIG_HEADERS  = 
  CONFIG_LINKS    = 
  CONFIG_COMMANDS = 
  $ ./config.status 

on Zalak-PC

config.status:793: creating makefile
config.status:793: creating nauty.h
config.status:793: creating naututil.h
config.status:793: creating gtools.h

## ---------------- ##
## Cache variables. ##
## ---------------- ##

ac_cv_build=x86_64-unknown-cygwin
ac_cv_c_compiler_gnu=yes
ac_cv_c_const=yes
ac_cv_env_CC_set=
ac_cv_env_CC_value=
ac_cv_env_CFLAGS_set=
ac_cv_env_CFLAGS_value=
ac_cv_env_CPPFLAGS_set=
ac_cv_env_CPPFLAGS_value=
ac_cv_env_CPP_set=
ac_cv_env_CPP_value=
ac_cv_env_LDFLAGS_set=
ac_cv_env_LDFLAGS_value=
ac_cv_env_LIBS_set=
ac_cv_env_LIBS_value=
ac_cv_env_build_alias_set=
ac_cv_env_build_alias_value=
ac_cv_env_host_alias_set=
ac_cv_env_host_alias_value=
ac_cv_env_target_alias_set=
ac_cv_env_target_alias_value=
ac_cv_exeext=.exe
ac_cv_func_flockfile=yes
ac_cv_func_fork=yes
ac_cv_func_fork_works=yes
ac_cv_func_fseeko=yes
ac_cv_func_getc_unlocked=yes
ac_cv_func_getrusage=yes
ac_cv_func_gettimeofday=yes
ac_cv_func_isatty=yes
ac_cv_func_perror=yes
ac_cv_func_pipe=yes
ac_cv_func_popen=yes
ac_cv_func_pthread_create=yes
ac_cv_func_putenv=yes
ac_cv_func_setenv=yes
ac_cv_func_sigaction=yes
ac_cv_func_sigprocmask=yes
ac_cv_func_time=yes
ac_cv_func_times=yes
ac_cv_func_vfork=yes
ac_cv_func_vfork_works=yes
ac_cv_func_wait=yes
ac_cv_header_errno_h=yes
ac_cv_header_inttypes_h=yes
ac_cv_header_memory_h=yes
ac_cv_header_pthread_h=yes
ac_cv_header_signal_h=yes
ac_cv_header_stdc=yes
ac_cv_header_stddef_h=yes
ac_cv_header_stdint_h=yes
ac_cv_header_stdlib_h=yes
ac_cv_header_string_h=yes
ac_cv_header_strings_h=yes
ac_cv_header_sys_stat_h=yes
ac_cv_header_sys_types_h=yes
ac_cv_header_sys_wait_h=yes
ac_cv_header_unistd_h=yes
ac_cv_header_vfork_h=no
ac_cv_host=x86_64-unknown-cygwin
ac_cv_objext=o
ac_cv_path_EGREP='/usr/bin/grep -E'
ac_cv_path_GREP=/usr/bin/grep
ac_cv_path_sort_prog=/usr/bin/sort
ac_cv_prog_CPP='gcc -E'
ac_cv_prog_ac_ct_CC=gcc
ac_cv_prog_cc_c89=
ac_cv_prog_cc_g=yes
ac_cv_sizeof_int=4
ac_cv_sizeof_long=8
ac_cv_sizeof_long_long=8
ac_cv_sys_file_offset_bits=0
ac_cv_sys_largefile_CC=no
ac_cv_tls=
ac_cv_try_cflags_ok=no
ac_cv_type_pid_t=yes

## ----------------- ##
## Output variables. ##
## ----------------- ##

CC='gcc'
CFLAGS=' -O4'
CPP='gcc -E'
CPPFLAGS=''
DEFS='-DPACKAGE_NAME=\"\" -DPACKAGE_TARNAME=\"\" -DPACKAGE_VERSION=\"\" -DPACKAGE_STRING=\"\" -DPACKAGE_BUGREPORT=\"\" -DPACKAGE_URL=\"\" -DHAVE_SYS_WAIT_H=1 -DSTDC_HEADERS=1 -DHAVE_SYS_TYPES_H=1 -DHAVE_SYS_STAT_H=1 -DHAVE_STDLIB_H=1 -DHAVE_STRING_H=1 -DHAVE_MEMORY_H=1 -DHAVE_STRINGS_H=1 -DHAVE_INTTYPES_H=1 -DHAVE_STDINT_H=1 -DHAVE_UNISTD_H=1 -DHAVE_SIGNAL_H=1 -DHAVE_STDDEF_H=1 -DHAVE_UNISTD_H=1 -DHAVE_SYS_TYPES_H=1 -DHAVE_SYS_WAIT_H=1 -DHAVE_STDLIB_H=1 -DHAVE_STRING_H=1 -DHAVE_ERRNO_H=1 -DHAVE_PTHREAD_H=1 -DSIZEOF_INT=4 -DSIZEOF_LONG=8 -DSIZEOF_LONG_LONG=8 -DHAVE_FORK=1 -DHAVE_VFORK=1 -DHAVE_WORKING_VFORK=1 -DHAVE_WORKING_FORK=1'
ECHO_C=''
ECHO_N='-n'
ECHO_T=''
EGREP='/usr/bin/grep -E'
EXEEXT='.exe'
GREP='/usr/bin/grep'
LDFLAGS=''
LIBOBJS=''
LIBS=''
LTLIBOBJS=''
MORECFLAGS=''
OBJEXT='o'
PACKAGE_BUGREPORT=''
PACKAGE_NAME=''
PACKAGE_STRING=''
PACKAGE_TARNAME=''
PACKAGE_URL=''
PACKAGE_VERSION=''
PATH_SEPARATOR=':'
SHELL='/bin/sh'
ac_ct_CC='gcc'
ac_cv_sizeof_int='4'
ac_cv_sizeof_long='8'
ac_cv_sizeof_long_long='8'
ac_cv_sys_file_offset_bits='0'
ac_cv_tls=''
bindir='${exec_prefix}/bin'
build='x86_64-unknown-cygwin'
build_alias=''
build_cpu='x86_64'
build_os='cygwin'
build_vendor='unknown'
datadir='${datarootdir}'
datarootdir='${prefix}/share'
default_wordsize='0'
docdir='${datarootdir}/doc/${PACKAGE}'
dvidir='${docdir}'
edit_msg='++++++ This file is automatically generated, don'\''t edit it by hand! ++++++'
exec_prefix='${prefix}'
fdopen_dec='1'
ftell_dec='1'
has_math_inf='1'
have_ansicontrols='0'
have_clz='1'
have_clzl='1'
have_clzll='1'
have_const='1'
have_fork='1'
have_fseeko='1'
have_getrusage='1'
have_gettimeofday='1'
have_isatty='1'
have_perror='1'
have_pid_t='1'
have_pipe='1'
have_popen='1'
have_pthread='1'
have_putenv='1'
have_setenv='1'
have_sigaction='1'
have_sigprocmask='1'
have_time='1'
have_times='1'
have_tls='0'
have_wait='1'
header_errno_h='1'
header_pthread_h='1'
header_signal_h='1'
header_stddef_h='1'
header_stdlib_h='1'
header_string_h='1'
header_sys_types_h='1'
header_sys_wait_h='1'
header_unistd_h='1'
host='x86_64-unknown-cygwin'
host_alias=''
host_cpu='x86_64'
host_os='cygwin'
host_vendor='unknown'
htmldir='${docdir}'
includedir='${prefix}/include'
infodir='${datarootdir}/info'
libdir='${exec_prefix}/lib'
libexecdir='${exec_prefix}/libexec'
localedir='${datarootdir}/locale'
localstatedir='${prefix}/var'
lok='1'
malloc_dec='1'
mandir='${datarootdir}/man'
oldincludedir='/usr/include'
pdfdir='${docdir}'
popen_dec='1'
prefix='/usr/local'
program_transform_name='s,x,x,'
psdir='${docdir}'
putenv_dec='1'
sbindir='${exec_prefix}/sbin'
setenv_dec='1'
sharedstatedir='${prefix}/com'
shortg_or_null='shortg'
sort_newparams_ok='1'
sort_prog='/usr/bin/sort'
stdio_nolock='1'
sysconfdir='${prefix}/etc'
target_alias=''
testprogs='dreadtest dreadtestS dreadtestS1 dreadtest4K dreadtest1 dreadtestW dreadtestW1 dreadtestL1 dreadtestL'
threadlib=''

## ----------- ##
## confdefs.h. ##
## ----------- ##

/* confdefs.h */
#define PACKAGE_NAME ""
#define PACKAGE_TARNAME ""
#define PACKAGE_VERSION ""
#define PACKAGE_STRING ""
#define PACKAGE_BUGREPORT ""
#define PACKAGE_URL ""
#define HAVE_SYS_WAIT_H 1
#define STDC_HEADERS 1
#define HAVE_SYS_TYPES_H 1
#define HAVE_SYS_STAT_H 1
#define HAVE_STDLIB_H 1
#define HAVE_STRING_H 1
#define HAVE_MEMORY_H 1
#define HAVE_STRINGS_H 1
#define HAVE_INTTYPES_H 1
#define HAVE_STDINT_H 1
#define HAVE_UNISTD_H 1
#define HAVE_SIGNAL_H 1
#define HAVE_STDDEF_H 1
#define HAVE_UNISTD_H 1
#define HAVE_SYS_TYPES_H 1
#define HAVE_SYS_WAIT_H 1
#define HAVE_STDLIB_H 1
#define HAVE_STRING_H 1
#define HAVE_ERRNO_H 1
#define HAVE_PTHREAD_H 1
#define SIZEOF_INT 4
#define SIZEOF_LONG 8
#define SIZEOF_LONG_LONG 8
#define HAVE_FORK 1
#define HAVE_VFORK 1
#define HAVE_WORKING_VFORK 1
#define HAVE_WORKING_FORK 1

configure: exit 0
